<?xml version="1.0" encoding="UTF-8"?>
<testng-results skipped="0" failed="0" total="1" passed="1">
  <reporter-output>
  </reporter-output>
  <suite name="TestSuite" duration-ms="18594" started-at="2022-06-15T12:15:52Z" finished-at="2022-06-15T12:16:10Z">
    <groups>
    </groups>
    <test name="Test1" duration-ms="18594" started-at="2022-06-15T12:15:52Z" finished-at="2022-06-15T12:16:10Z">
      <class name="com.pk_OrangeHRM.OrangeHRM_Login_Parameter">
        <test-method status="PASS" signature="LaunchBrowser()[pri:0, instance:com.pk_OrangeHRM.OrangeHRM_Login_Parameter@531be3c5]" name="LaunchBrowser" is-config="true" duration-ms="3542" started-at="2022-06-15T17:45:52Z" finished-at="2022-06-15T17:45:55Z">
          <reporter-output>
          </reporter-output>
        </test-method> <!-- LaunchBrowser -->
        <test-method status="PASS" signature="Login(java.lang.String, java.lang.String, java.lang.String)[pri:0, instance:com.pk_OrangeHRM.OrangeHRM_Login_Parameter@531be3c5]" name="Login" duration-ms="13898" started-at="2022-06-15T17:45:55Z" finished-at="2022-06-15T17:46:09Z">
          <params>
            <param index="0">
              <value>
                <![CDATA[https://opensource-demo.orangehrmlive.com/index.php/auth/login]]>
              </value>
            </param>
            <param index="1">
              <value>
                <![CDATA[Admin]]>
              </value>
            </param>
            <param index="2">
              <value>
                <![CDATA[admin123]]>
              </value>
            </param>
          </params>
          <reporter-output>
          </reporter-output>
        </test-method> <!-- Login -->
        <test-method status="PASS" signature="CloseBrowser()[pri:0, instance:com.pk_OrangeHRM.OrangeHRM_Login_Parameter@531be3c5]" name="CloseBrowser" is-config="true" duration-ms="1138" started-at="2022-06-15T17:46:09Z" finished-at="2022-06-15T17:46:10Z">
          <reporter-output>
          </reporter-output>
        </test-method> <!-- CloseBrowser -->
      </class> <!-- com.pk_OrangeHRM.OrangeHRM_Login_Parameter -->
    </test> <!-- Test1 -->
  </suite> <!-- TestSuite -->
</testng-results>
