<?xml version="1.0" encoding="UTF-8"?>
<testng-results skipped="0" failed="0" ignored="0" total="1" passed="1">
  <reporter-output>
  </reporter-output>
  <suite name="TestSuite" duration-ms="22704" started-at="2022-06-15T17:38:48 IST" finished-at="2022-06-15T17:39:11 IST">
    <groups>
    </groups>
    <test name="Test1" duration-ms="22704" started-at="2022-06-15T17:38:48 IST" finished-at="2022-06-15T17:39:11 IST">
      <class name="com.pk_OrangeHRM.OrangeHRM_Login_Parameter">
        <test-method status="PASS" signature="LaunchBrowser()[pri:0, instance:com.pk_OrangeHRM.OrangeHRM_Login_Parameter@4cf4d528]" name="LaunchBrowser" is-config="true" duration-ms="6710" started-at="2022-06-15T17:38:48 IST" finished-at="2022-06-15T17:38:55 IST">
          <reporter-output>
          </reporter-output>
        </test-method> <!-- LaunchBrowser -->
        <test-method status="PASS" signature="Login(java.lang.String,java.lang.String,java.lang.String)[pri:0, instance:com.pk_OrangeHRM.OrangeHRM_Login_Parameter@4cf4d528]" name="Login" duration-ms="15037" started-at="2022-06-15T17:38:55 IST" finished-at="2022-06-15T17:39:10 IST">
          <params>
            <param index="0">
              <value>
                <![CDATA[https://opensource-demo.orangehrmlive.com/index.php/auth/login]]>
              </value>
            </param>
            <param index="1">
              <value>
                <![CDATA[Admin]]>
              </value>
            </param>
            <param index="2">
              <value>
                <![CDATA[admin123]]>
              </value>
            </param>
          </params>
          <reporter-output>
          </reporter-output>
        </test-method> <!-- Login -->
        <test-method status="PASS" signature="CloseBrowser()[pri:0, instance:com.pk_OrangeHRM.OrangeHRM_Login_Parameter@4cf4d528]" name="CloseBrowser" is-config="true" duration-ms="922" started-at="2022-06-15T17:39:10 IST" finished-at="2022-06-15T17:39:11 IST">
          <reporter-output>
          </reporter-output>
        </test-method> <!-- CloseBrowser -->
      </class> <!-- com.pk_OrangeHRM.OrangeHRM_Login_Parameter -->
    </test> <!-- Test1 -->
  </suite> <!-- TestSuite -->
</testng-results>
